0::0046-0003::-------------------- Pre-build resource: MICRO820    Configuration: MICRO820 --------------
0::0044-0003::Pre-compiling for 2080LC2020QBBH
0::0000-0003::PSFT_SMS_CONFIG
0:C:\USERS\MICHELW\DOCUMENTS\CCW\SMS_V1\CONTROLLER\CONTROLLER\MICRO820\MICRO820\PSFT_SMS_CONFIG:0000-0003::PSFT_SMS_RECV
0:C:\USERS\MICHELW\DOCUMENTS\CCW\SMS_V1\CONTROLLER\CONTROLLER\MICRO820\MICRO820\PSFT_SMS_RECV:0000-0003::PSFT_SMS_DIAG
0:C:\USERS\MICHELW\DOCUMENTS\CCW\SMS_V1\CONTROLLER\CONTROLLER\MICRO820\MICRO820\PSFT_SMS_DIAG:0000-0003::PSFT_SMS_SEND
0:C:\USERS\MICHELW\DOCUMENTS\CCW\SMS_V1\CONTROLLER\CONTROLLER\MICRO820\MICRO820\PSFT_SMS_SEND:0000-0003::PSFT_ILX800_SMSG
2:C:\USERS\MICHELW\DOCUMENTS\CCW\SMS_V1\CONTROLLER\CONTROLLER\MICRO820\MICRO820\PSFT_ILX800_SMSG:1,242:0047-0008:WARNING :FOR_LOOP: Backward jump detected. 
1:C:\USERS\MICHELW\DOCUMENTS\CCW\SMS_V1\CONTROLLER\CONTROLLER\MICRO820\MICRO820\PSFT_ILX800_SMSG:0002-0003::    0 error(s), 1 warning(s)
0:C:\USERS\MICHELW\DOCUMENTS\CCW\SMS_V1\CONTROLLER\CONTROLLER\MICRO820\MICRO820\PSFT_ILX800_SMSG:0002-0003::MICRO820:    0 error(s), 1 warning(s)
0::0006-0003::-------------------- Build resource: MICRO820    Configuration: MICRO820 --------------
0::0001-0003::Compiling for 2080LC2020QBBH
0::0000-0003::PSFT_SMS_CONFIG
0:C:\USERS\MICHELW\DOCUMENTS\CCW\SMS_V1\CONTROLLER\CONTROLLER\MICRO820\MICRO820\PSFT_SMS_CONFIG:0000-0003::PSFT_SMS_RECV
0:C:\USERS\MICHELW\DOCUMENTS\CCW\SMS_V1\CONTROLLER\CONTROLLER\MICRO820\MICRO820\PSFT_SMS_RECV:0000-0003::PSFT_SMS_DIAG
0:C:\USERS\MICHELW\DOCUMENTS\CCW\SMS_V1\CONTROLLER\CONTROLLER\MICRO820\MICRO820\PSFT_SMS_DIAG:0000-0003::PSFT_SMS_SEND
0:C:\USERS\MICHELW\DOCUMENTS\CCW\SMS_V1\CONTROLLER\CONTROLLER\MICRO820\MICRO820\PSFT_SMS_SEND:0000-0003::PSFT_ILX800_SMSG
2:C:\USERS\MICHELW\DOCUMENTS\CCW\SMS_V1\CONTROLLER\CONTROLLER\MICRO820\MICRO820\PSFT_ILX800_SMSG:1,242:0047-0008:WARNING :FOR_LOOP: Backward jump detected. 
1:C:\USERS\MICHELW\DOCUMENTS\CCW\SMS_V1\CONTROLLER\CONTROLLER\MICRO820\MICRO820\PSFT_ILX800_SMSG:0002-0003::    0 error(s), 1 warning(s)
0:C:\USERS\MICHELW\DOCUMENTS\CCW\SMS_V1\CONTROLLER\CONTROLLER\MICRO820\MICRO820\PSFT_ILX800_SMSG:0003-0003::Linking for 2080LC2020QBBH
0:C:\USERS\MICHELW\DOCUMENTS\CCW\SMS_V1\CONTROLLER\CONTROLLER\MICRO820\MICRO820\PSFT_ILX800_SMSG:0002-0003::MICRO820:    0 error(s), 1 warning(s)
